#
# There is insufficient memory for the Java Runtime Environment to continue.
# Native memory allocation (malloc) failed to allocate 1836400 bytes. Error detail: Chunk::new
# Possible reasons:
#   The system is out of physical RAM or swap space
#   This process is running with CompressedOops enabled, and the Java Heap may be blocking the growth of the native heap
# Possible solutions:
#   Reduce memory load on the system
#   Increase physical memory or swap space
#   Check if swap backing store is full
#   Decrease Java heap size (-Xmx/-Xms)
#   Decrease number of Java threads
#   Decrease Java thread stack sizes (-Xss)
#   Set larger code cache with -XX:ReservedCodeCacheSize=
#   JVM is running with Unscaled Compressed Oops mode in which the Java heap is
#     placed in the first 4GB address space. The Java Heap base address is the
#     maximum limit for the native heap growth. Please use -XX:HeapBaseMinAddress
#     to set the Java Heap base and to place the Java Heap above 4GB virtual address.
# This output file may be truncated or incomplete.
#
#  Out of Memory Error (arena.cpp:168), pid=16200, tid=9336
#
# JRE version: OpenJDK Runtime Environment Temurin-21.0.9+10 (21.0.9+10) (build 21.0.9+10-LTS)
# Java VM: OpenJDK 64-Bit Server VM Temurin-21.0.9+10 (21.0.9+10-LTS, mixed mode, sharing, tiered, compressed oops, compressed class ptrs, parallel gc, windows-amd64)
# No core dump will be written. Minidumps are not enabled by default on client versions of Windows
#

---------------  S U M M A R Y ------------

Command Line: --add-modules=ALL-SYSTEM --add-opens=java.base/java.util=ALL-UNNAMED --add-opens=java.base/java.lang=ALL-UNNAMED --add-opens=java.base/sun.nio.fs=ALL-UNNAMED -Declipse.application=org.eclipse.jdt.ls.core.id1 -Dosgi.bundles.defaultStartLevel=4 -Declipse.product=org.eclipse.jdt.ls.core.product -Djava.import.generatesMetadataFilesAtProjectRoot=false -DDetectVMInstallationsJob.disabled=true -Dfile.encoding=utf8 -XX:+UseParallelGC -XX:GCTimeRatio=4 -XX:AdaptiveSizePolicyWeight=90 -Dsun.zip.disableMemoryMapping=true -Xmx2G -Xms100m -Xlog:disable -javaagent:c:\Users\WIN10\.vscode\extensions\redhat.java-1.50.0-win32-x64\lombok\lombok-1.18.39-4050.jar c:\Users\WIN10\.vscode\extensions\redhat.java-1.50.0-win32-x64\server\plugins\org.eclipse.equinox.launcher_1.7.100.v20251111-0406.jar -configuration c:\Users\WIN10\AppData\Roaming\Code\User\globalStorage\redhat.java\1.50.0\config_ss_win -data c:\Users\WIN10\AppData\Roaming\Code\User\workspaceStorage\6a950bca2ea11206fe54079ace0dc19c\redhat.java\ss_ws --pipe=\\.\pipe\lsp-0c84e73a38d2376e2dec24d0a305d4d8-sock

Host: Intel(R) Core(TM) i3-8130U CPU @ 2.20GHz, 4 cores, 7G,  Windows 11 , 64 bit Build 26100 (10.0.26100.7019)
Time: Sat Dec  6 15:08:39 2025 SE Asia Standard Time elapsed time: 13.132324 seconds (0d 0h 0m 13s)

---------------  T H R E A D  ---------------

Current thread (0x000001e9278ab250):  JavaThread "C2 CompilerThread0" daemon [_thread_in_native, id=9336, stack(0x00000086a3400000,0x00000086a3500000) (1024K)]


Current CompileTask:
C2:13132 2711       4       org.lombokweb.asm.ClassReader::readMethod (1070 bytes)

Stack: [0x00000086a3400000,0x00000086a3500000]
Native frames: (J=compiled Java code, j=interpreted, Vv=VM code, C=native code)
V  [jvm.dll+0x6d6e29]
V  [jvm.dll+0x8b4b76]
V  [jvm.dll+0x8b712e]
V  [jvm.dll+0x8b7813]
V  [jvm.dll+0x283d86]
V  [jvm.dll+0xc66ed]
V  [jvm.dll+0xc6c31]
V  [jvm.dll+0x3be53b]
V  [jvm.dll+0x1e3d59]
V  [jvm.dll+0x24c0f3]
V  [jvm.dll+0x24b580]
V  [jvm.dll+0x1cb13e]
V  [jvm.dll+0x25b29d]
V  [jvm.dll+0x25982a]
V  [jvm.dll+0x3f7ea6]
V  [jvm.dll+0x85e9ad]
V  [jvm.dll+0x6d565d]
C  [ucrtbase.dll+0x37b0]
C  [KERNEL32.DLL+0x2e8d7]
C  [ntdll.dll+0x8c53c]


---------------  P R O C E S S  ---------------

Threads class SMR info:
_java_thread_list=0x000001e98566a270, length=20, elements={
0x000001e9279a8b40, 0x000001e927a6da40, 0x000001e9278a1710, 0x000001e9278a4310,
0x000001e9278a4f60, 0x000001e9278a79c0, 0x000001e9278a8410, 0x000001e9278ab250,
0x000001e92791e770, 0x000001e9841a6610, 0x000001e9842c6360, 0x000001e984aafa50,
0x000001e9846e95b0, 0x000001e9846e9ee0, 0x000001e984a311e0, 0x000001e98402c9b0,
0x000001e984f8e2a0, 0x000001e984f6c780, 0x000001e984f8a320, 0x000001e9854ab360
}

Java Threads: ( => current thread )
  0x000001e9279a8b40 JavaThread "main"                              [_thread_blocked, id=2464, stack(0x00000086a2a00000,0x00000086a2b00000) (1024K)]
  0x000001e927a6da40 JavaThread "Reference Handler"          daemon [_thread_blocked, id=6756, stack(0x00000086a2e00000,0x00000086a2f00000) (1024K)]
  0x000001e9278a1710 JavaThread "Finalizer"                  daemon [_thread_blocked, id=13732, stack(0x00000086a2f00000,0x00000086a3000000) (1024K)]
  0x000001e9278a4310 JavaThread "Signal Dispatcher"          daemon [_thread_blocked, id=25984, stack(0x00000086a3000000,0x00000086a3100000) (1024K)]
  0x000001e9278a4f60 JavaThread "Attach Listener"            daemon [_thread_blocked, id=25628, stack(0x00000086a3100000,0x00000086a3200000) (1024K)]
  0x000001e9278a79c0 JavaThread "Service Thread"             daemon [_thread_blocked, id=24280, stack(0x00000086a3200000,0x00000086a3300000) (1024K)]
  0x000001e9278a8410 JavaThread "Monitor Deflation Thread"   daemon [_thread_blocked, id=24036, stack(0x00000086a3300000,0x00000086a3400000) (1024K)]
=>0x000001e9278ab250 JavaThread "C2 CompilerThread0"         daemon [_thread_in_native, id=9336, stack(0x00000086a3400000,0x00000086a3500000) (1024K)]
  0x000001e92791e770 JavaThread "C1 CompilerThread0"         daemon [_thread_blocked, id=22540, stack(0x00000086a3500000,0x00000086a3600000) (1024K)]
  0x000001e9841a6610 JavaThread "Common-Cleaner"             daemon [_thread_blocked, id=25020, stack(0x00000086a3600000,0x00000086a3700000) (1024K)]
  0x000001e9842c6360 JavaThread "Notification Thread"        daemon [_thread_blocked, id=22264, stack(0x00000086a3700000,0x00000086a3800000) (1024K)]
  0x000001e984aafa50 JavaThread "Active Thread: Equinox Container: 40610fe0-cb20-4a15-8f33-efdde70100b5"        [_thread_blocked, id=8764, stack(0x00000086a3c00000,0x00000086a3d00000) (1024K)]
  0x000001e9846e95b0 JavaThread "Framework Event Dispatcher: Equinox Container: 40610fe0-cb20-4a15-8f33-efdde70100b5" daemon [_thread_blocked, id=1916, stack(0x00000086a3d00000,0x00000086a3e00000) (1024K)]
  0x000001e9846e9ee0 JavaThread "Start Level: Equinox Container: 40610fe0-cb20-4a15-8f33-efdde70100b5" daemon [_thread_in_vm, id=13724, stack(0x00000086a3e00000,0x00000086a3f00000) (1024K)]
  0x000001e984a311e0 JavaThread "SCR Component Actor"        daemon [_thread_blocked, id=13588, stack(0x00000086a3b00000,0x00000086a3c00000) (1024K)]
  0x000001e98402c9b0 JavaThread "Worker-JM"                         [_thread_blocked, id=15232, stack(0x00000086a3f00000,0x00000086a4000000) (1024K)]
  0x000001e984f8e2a0 JavaThread "JNA Cleaner"                daemon [_thread_blocked, id=9568, stack(0x00000086a4000000,0x00000086a4100000) (1024K)]
  0x000001e984f6c780 JavaThread "Worker-0"                          [_thread_blocked, id=1204, stack(0x00000086a4100000,0x00000086a4200000) (1024K)]
  0x000001e984f8a320 JavaThread "Worker-1"                          [_thread_blocked, id=10908, stack(0x00000086a4200000,0x00000086a4300000) (1024K)]
  0x000001e9854ab360 JavaThread "C2 CompilerThread1"         daemon [_thread_blocked, id=6104, stack(0x00000086a4300000,0x00000086a4400000) (1024K)]
Total: 20

Other Threads:
  0x000001e927a518e0 VMThread "VM Thread"                           [id=10260, stack(0x00000086a2d00000,0x00000086a2e00000) (1024K)]
  0x000001e92783ca00 WatcherThread "VM Periodic Task Thread"        [id=16072, stack(0x00000086a2c00000,0x00000086a2d00000) (1024K)]
  0x000001e9279c82a0 WorkerThread "GC Thread#0"                     [id=24292, stack(0x00000086a2b00000,0x00000086a2c00000) (1024K)]
  0x000001e9845aa2d0 WorkerThread "GC Thread#1"                     [id=20292, stack(0x00000086a3800000,0x00000086a3900000) (1024K)]
  0x000001e9845aaa70 WorkerThread "GC Thread#2"                     [id=10092, stack(0x00000086a3900000,0x00000086a3a00000) (1024K)]
  0x000001e98443e0e0 WorkerThread "GC Thread#3"                     [id=25208, stack(0x00000086a3a00000,0x00000086a3b00000) (1024K)]
Total: 6

Threads with active compile tasks:
C2 CompilerThread0  13184 2711       4       org.lombokweb.asm.ClassReader::readMethod (1070 bytes)
Total: 1

VM state: not at safepoint (normal execution)

VM Mutex/Monitor currently owned by a thread: None

Heap address: 0x0000000080000000, size: 2048 MB, Compressed Oops mode: 32-bit

CDS archive(s) mapped at: [0x000001e93f000000-0x000001e93fba0000-0x000001e93fba0000), size 12189696, SharedBaseAddress: 0x000001e93f000000, ArchiveRelocationMode: 1.
Compressed class space mapped at: 0x000001e940000000-0x000001e980000000, reserved size: 1073741824
Narrow klass base: 0x000001e93f000000, Narrow klass shift: 0, Narrow klass range: 0x100000000

GC Precious Log:
 CardTable entry size: 512
 CPUs: 4 total, 4 available
 Memory: 8078M
 Large Page Support: Disabled
 NUMA Support: Disabled
 Compressed Oops: Enabled (32-bit)
 Alignments: Space 512K, Generation 512K, Heap 2M
 Heap Min Capacity: 100M
 Heap Initial Capacity: 100M
 Heap Max Capacity: 2G
 Pre-touch: Disabled
 Parallel Workers: 4

Heap:
 PSYoungGen      total 29696K, used 22940K [0x00000000d5580000, 0x00000000d7780000, 0x0000000100000000)
  eden space 25088K, 91% used [0x00000000d5580000,0x00000000d6be71a8,0x00000000d6e00000)
  from space 4608K, 0% used [0x00000000d7300000,0x00000000d7300000,0x00000000d7780000)
  to   space 4608K, 0% used [0x00000000d6e80000,0x00000000d6e80000,0x00000000d7300000)
 ParOldGen       total 68608K, used 8728K [0x0000000080000000, 0x0000000084300000, 0x00000000d5580000)
  object space 68608K, 12% used [0x0000000080000000,0x0000000080886328,0x0000000084300000)
 Metaspace       used 22559K, committed 23168K, reserved 1114112K
  class space    used 2169K, committed 2432K, reserved 1048576K

Card table byte_map: [0x000001e927350000,0x000001e927760000] _byte_map_base: 0x000001e926f50000

Marking Bits: (ParMarkBitMap*) 0x00007ffc3bb82460
 Begin Bits: [0x000001e939e60000, 0x000001e93be60000)
 End Bits:   [0x000001e93be60000, 0x000001e93de60000)

Polling page: 0x000001e925590000

Metaspace:

Usage:
  Non-class:     19.91 MB used.
      Class:      2.12 MB used.
       Both:     22.03 MB used.

Virtual space:
  Non-class space:       64.00 MB reserved,      20.25 MB ( 32%) committed,  1 nodes.
      Class space:        1.00 GB reserved,       2.38 MB ( <1%) committed,  1 nodes.
             Both:        1.06 GB reserved,      22.62 MB (  2%) committed. 

Chunk freelists:
   Non-Class:  11.50 MB
       Class:  13.44 MB
        Both:  24.94 MB

MaxMetaspaceSize: unlimited
CompressedClassSpaceSize: 1.00 GB
Initial GC threshold: 21.00 MB
Current GC threshold: 35.00 MB
CDS: on
 - commit_granule_bytes: 65536.
 - commit_granule_words: 8192.
 - virtual_space_node_default_size: 8388608.
 - enlarge_chunks_in_place: 1.
 - use_allocation_guard: 0.


Internal statistics:

num_allocs_failed_limit: 3.
num_arena_births: 506.
num_arena_deaths: 14.
num_vsnodes_births: 2.
num_vsnodes_deaths: 0.
num_space_committed: 362.
num_space_uncommitted: 0.
num_chunks_returned_to_freelist: 17.
num_chunks_taken_from_freelist: 1372.
num_chunk_merges: 9.
num_chunk_splits: 888.
num_chunks_enlarged: 571.
num_inconsistent_stats: 0.

CodeHeap 'non-profiled nmethods': size=120000Kb used=1255Kb max_used=1255Kb free=118744Kb
 bounds [0x000001e932680000, 0x000001e9328f0000, 0x000001e939bb0000]
CodeHeap 'profiled nmethods': size=120000Kb used=5642Kb max_used=5642Kb free=114357Kb
 bounds [0x000001e92abb0000, 0x000001e92b140000, 0x000001e9320e0000]
CodeHeap 'non-nmethods': size=5760Kb used=1316Kb max_used=1359Kb free=4443Kb
 bounds [0x000001e9320e0000, 0x000001e932350000, 0x000001e932680000]
CodeCache: size=245760Kb, used=8213Kb, max_used=8256Kb, free=237544Kb
 total_blobs=3422, nmethods=2819, adapters=509, full_count=0
Compilation: enabled, stopped_count=0, restarted_count=0

Compilation events (20 events):
Event: 12.377 Thread 0x000001e9854ab360 nmethod 2806 0x000001e9327b7d90 code [0x000001e9327b7f00, 0x000001e9327b7f70]
Event: 12.377 Thread 0x000001e9854ab360 2805       4       java.lang.invoke.LambdaForm::prepare (108 bytes)
Event: 12.378 Thread 0x000001e9854ab360 nmethod 2805 0x000001e9327b8090 code [0x000001e9327b8220, 0x000001e9327b8330]
Event: 12.381 Thread 0x000001e92791e770 2807       3       jdk.internal.reflect.MethodHandleObjectFieldAccessorImpl::fieldAccessor (96 bytes)
Event: 12.383 Thread 0x000001e92791e770 nmethod 2807 0x000001e92b12c610 code [0x000001e92b12c920, 0x000001e92b12d838]
Event: 12.402 Thread 0x000001e92791e770 2808       3       java.lang.invoke.MethodHandle::isSafeToCache (14 bytes)
Event: 12.402 Thread 0x000001e92791e770 nmethod 2808 0x000001e92b12dd10 code [0x000001e92b12dec0, 0x000001e92b12e038]
Event: 12.422 Thread 0x000001e92791e770 2809       3       java.lang.invoke.MethodHandle::setAsTypeCache (33 bytes)
Event: 12.422 Thread 0x000001e92791e770 nmethod 2809 0x000001e92b12e110 code [0x000001e92b12e300, 0x000001e92b12e7f0]
Event: 12.422 Thread 0x000001e92791e770 2810       3       java.lang.invoke.DirectMethodHandle::checkInitialized (28 bytes)
Event: 12.423 Thread 0x000001e92791e770 nmethod 2810 0x000001e92b12ea10 code [0x000001e92b12ec20, 0x000001e92b12f0c0]
Event: 12.449 Thread 0x000001e9854ab360 2811       4       java.util.HashMap$EntryIterator::next (5 bytes)
Event: 12.456 Thread 0x000001e9854ab360 nmethod 2811 0x000001e9327b8410 code [0x000001e9327b85a0, 0x000001e9327b8830]
Event: 12.476 Thread 0x000001e9854ab360 2812   !   4       java.lang.invoke.MemberName::getFieldType (176 bytes)
Event: 12.479 Thread 0x000001e9854ab360 nmethod 2812 0x000001e9327b8990 code [0x000001e9327b8b20, 0x000001e9327b8c20]
Event: 12.494 Thread 0x000001e9854ab360 2813       4       java.lang.invoke.MethodHandle::<init> (37 bytes)
Event: 12.497 Thread 0x000001e9854ab360 nmethod 2813 0x000001e9327b8d10 code [0x000001e9327b8ec0, 0x000001e9327b9068]
Event: 12.500 Thread 0x000001e9854ab360 2814       4       java.util.Arrays::equals (57 bytes)
Event: 12.504 Thread 0x000001e9854ab360 nmethod 2814 0x000001e9327b9290 code [0x000001e9327b9420, 0x000001e9327b95b8]
Event: 12.504 Thread 0x000001e9854ab360 2815       4       java.lang.invoke.MethodType::equals (25 bytes)

GC Heap History (14 events):
Event: 3.487 GC heap before
{Heap before GC invocations=1 (full 0):
 PSYoungGen      total 29696K, used 25600K [0x00000000d5580000, 0x00000000d7680000, 0x0000000100000000)
  eden space 25600K, 100% used [0x00000000d5580000,0x00000000d6e80000,0x00000000d6e80000)
  from space 4096K, 0% used [0x00000000d7280000,0x00000000d7280000,0x00000000d7680000)
  to   space 4096K, 0% used [0x00000000d6e80000,0x00000000d6e80000,0x00000000d7280000)
 ParOldGen       total 68608K, used 0K [0x0000000080000000, 0x0000000084300000, 0x00000000d5580000)
  object space 68608K, 0% used [0x0000000080000000,0x0000000080000000,0x0000000084300000)
 Metaspace       used 4363K, committed 4608K, reserved 1114112K
  class space    used 473K, committed 576K, reserved 1048576K
}
Event: 3.541 GC heap after
{Heap after GC invocations=1 (full 0):
 PSYoungGen      total 29696K, used 3280K [0x00000000d5580000, 0x00000000d7680000, 0x0000000100000000)
  eden space 25600K, 0% used [0x00000000d5580000,0x00000000d5580000,0x00000000d6e80000)
  from space 4096K, 80% used [0x00000000d6e80000,0x00000000d71b4148,0x00000000d7280000)
  to   space 4096K, 0% used [0x00000000d7280000,0x00000000d7280000,0x00000000d7680000)
 ParOldGen       total 68608K, used 0K [0x0000000080000000, 0x0000000084300000, 0x00000000d5580000)
  object space 68608K, 0% used [0x0000000080000000,0x0000000080000000,0x0000000084300000)
 Metaspace       used 4363K, committed 4608K, reserved 1114112K
  class space    used 473K, committed 576K, reserved 1048576K
}
Event: 5.304 GC heap before
{Heap before GC invocations=2 (full 0):
 PSYoungGen      total 29696K, used 28880K [0x00000000d5580000, 0x00000000d7680000, 0x0000000100000000)
  eden space 25600K, 100% used [0x00000000d5580000,0x00000000d6e80000,0x00000000d6e80000)
  from space 4096K, 80% used [0x00000000d6e80000,0x00000000d71b4148,0x00000000d7280000)
  to   space 4096K, 0% used [0x00000000d7280000,0x00000000d7280000,0x00000000d7680000)
 ParOldGen       total 68608K, used 0K [0x0000000080000000, 0x0000000084300000, 0x00000000d5580000)
  object space 68608K, 0% used [0x0000000080000000,0x0000000080000000,0x0000000084300000)
 Metaspace       used 8296K, committed 8576K, reserved 1114112K
  class space    used 879K, committed 1024K, reserved 1048576K
}
Event: 5.312 GC heap after
{Heap after GC invocations=2 (full 0):
 PSYoungGen      total 29696K, used 4086K [0x00000000d5580000, 0x00000000d7680000, 0x0000000100000000)
  eden space 25600K, 0% used [0x00000000d5580000,0x00000000d5580000,0x00000000d6e80000)
  from space 4096K, 99% used [0x00000000d7280000,0x00000000d767d810,0x00000000d7680000)
  to   space 4096K, 0% used [0x00000000d6e80000,0x00000000d6e80000,0x00000000d7280000)
 ParOldGen       total 68608K, used 883K [0x0000000080000000, 0x0000000084300000, 0x00000000d5580000)
  object space 68608K, 1% used [0x0000000080000000,0x00000000800dceb8,0x0000000084300000)
 Metaspace       used 8296K, committed 8576K, reserved 1114112K
  class space    used 879K, committed 1024K, reserved 1048576K
}
Event: 7.634 GC heap before
{Heap before GC invocations=3 (full 0):
 PSYoungGen      total 29696K, used 29686K [0x00000000d5580000, 0x00000000d7680000, 0x0000000100000000)
  eden space 25600K, 100% used [0x00000000d5580000,0x00000000d6e80000,0x00000000d6e80000)
  from space 4096K, 99% used [0x00000000d7280000,0x00000000d767d810,0x00000000d7680000)
  to   space 4096K, 0% used [0x00000000d6e80000,0x00000000d6e80000,0x00000000d7280000)
 ParOldGen       total 68608K, used 883K [0x0000000080000000, 0x0000000084300000, 0x00000000d5580000)
  object space 68608K, 1% used [0x0000000080000000,0x00000000800dceb8,0x0000000084300000)
 Metaspace       used 13092K, committed 13632K, reserved 1114112K
  class space    used 1381K, committed 1600K, reserved 1048576K
}
Event: 7.644 GC heap after
{Heap after GC invocations=3 (full 0):
 PSYoungGen      total 29696K, used 4086K [0x00000000d5580000, 0x00000000d7680000, 0x0000000100000000)
  eden space 25600K, 0% used [0x00000000d5580000,0x00000000d5580000,0x00000000d6e80000)
  from space 4096K, 99% used [0x00000000d6e80000,0x00000000d727daa0,0x00000000d7280000)
  to   space 4096K, 0% used [0x00000000d7280000,0x00000000d7280000,0x00000000d7680000)
 ParOldGen       total 68608K, used 2767K [0x0000000080000000, 0x0000000084300000, 0x00000000d5580000)
  object space 68608K, 4% used [0x0000000080000000,0x00000000802b3f60,0x0000000084300000)
 Metaspace       used 13092K, committed 13632K, reserved 1114112K
  class space    used 1381K, committed 1600K, reserved 1048576K
}
Event: 9.834 GC heap before
{Heap before GC invocations=4 (full 0):
 PSYoungGen      total 29696K, used 29473K [0x00000000d5580000, 0x00000000d7680000, 0x0000000100000000)
  eden space 25600K, 99% used [0x00000000d5580000,0x00000000d6e4a978,0x00000000d6e80000)
  from space 4096K, 99% used [0x00000000d6e80000,0x00000000d727daa0,0x00000000d7280000)
  to   space 4096K, 0% used [0x00000000d7280000,0x00000000d7280000,0x00000000d7680000)
 ParOldGen       total 68608K, used 2767K [0x0000000080000000, 0x0000000084300000, 0x00000000d5580000)
  object space 68608K, 4% used [0x0000000080000000,0x00000000802b3f60,0x0000000084300000)
 Metaspace       used 17217K, committed 17856K, reserved 1114112K
  class space    used 1806K, committed 2112K, reserved 1048576K
}
Event: 9.841 GC heap after
{Heap after GC invocations=4 (full 0):
 PSYoungGen      total 29696K, used 4094K [0x00000000d5580000, 0x00000000d7680000, 0x0000000100000000)
  eden space 25600K, 0% used [0x00000000d5580000,0x00000000d5580000,0x00000000d6e80000)
  from space 4096K, 99% used [0x00000000d7280000,0x00000000d767fb08,0x00000000d7680000)
  to   space 4096K, 0% used [0x00000000d6e80000,0x00000000d6e80000,0x00000000d7280000)
 ParOldGen       total 68608K, used 4611K [0x0000000080000000, 0x0000000084300000, 0x00000000d5580000)
  object space 68608K, 6% used [0x0000000080000000,0x0000000080480c20,0x0000000084300000)
 Metaspace       used 17217K, committed 17856K, reserved 1114112K
  class space    used 1806K, committed 2112K, reserved 1048576K
}
Event: 11.508 GC heap before
{Heap before GC invocations=5 (full 0):
 PSYoungGen      total 29696K, used 29694K [0x00000000d5580000, 0x00000000d7680000, 0x0000000100000000)
  eden space 25600K, 100% used [0x00000000d5580000,0x00000000d6e80000,0x00000000d6e80000)
  from space 4096K, 99% used [0x00000000d7280000,0x00000000d767fb08,0x00000000d7680000)
  to   space 4096K, 0% used [0x00000000d6e80000,0x00000000d6e80000,0x00000000d7280000)
 ParOldGen       total 68608K, used 4611K [0x0000000080000000, 0x0000000084300000, 0x00000000d5580000)
  object space 68608K, 6% used [0x0000000080000000,0x0000000080480c20,0x0000000084300000)
 Metaspace       used 20463K, committed 21120K, reserved 1114112K
  class space    used 2039K, committed 2304K, reserved 1048576K
}
Event: 11.520 GC heap after
{Heap after GC invocations=5 (full 0):
 PSYoungGen      total 29184K, used 4075K [0x00000000d5580000, 0x00000000d7800000, 0x0000000100000000)
  eden space 25088K, 0% used [0x00000000d5580000,0x00000000d5580000,0x00000000d6e00000)
  from space 4096K, 99% used [0x00000000d6e80000,0x00000000d727af68,0x00000000d7280000)
  to   space 5120K, 0% used [0x00000000d7300000,0x00000000d7300000,0x00000000d7800000)
 ParOldGen       total 68608K, used 4835K [0x0000000080000000, 0x0000000084300000, 0x00000000d5580000)
  object space 68608K, 7% used [0x0000000080000000,0x00000000804b8c20,0x0000000084300000)
 Metaspace       used 20463K, committed 21120K, reserved 1114112K
  class space    used 2039K, committed 2304K, reserved 1048576K
}
Event: 11.648 GC heap before
{Heap before GC invocations=6 (full 0):
 PSYoungGen      total 29184K, used 8894K [0x00000000d5580000, 0x00000000d7800000, 0x0000000100000000)
  eden space 25088K, 19% used [0x00000000d5580000,0x00000000d5a34918,0x00000000d6e00000)
  from space 4096K, 99% used [0x00000000d6e80000,0x00000000d727af68,0x00000000d7280000)
  to   space 5120K, 0% used [0x00000000d7300000,0x00000000d7300000,0x00000000d7800000)
 ParOldGen       total 68608K, used 4835K [0x0000000080000000, 0x0000000084300000, 0x00000000d5580000)
  object space 68608K, 7% used [0x0000000080000000,0x00000000804b8c20,0x0000000084300000)
 Metaspace       used 20831K, committed 21504K, reserved 1114112K
  class space    used 2053K, committed 2368K, reserved 1048576K
}
Event: 11.657 GC heap after
{Heap after GC invocations=6 (full 0):
 PSYoungGen      total 29696K, used 4390K [0x00000000d5580000, 0x00000000d7780000, 0x0000000100000000)
  eden space 25088K, 0% used [0x00000000d5580000,0x00000000d5580000,0x00000000d6e00000)
  from space 4608K, 95% used [0x00000000d7300000,0x00000000d77499c0,0x00000000d7780000)
  to   space 4608K, 0% used [0x00000000d6e80000,0x00000000d6e80000,0x00000000d7300000)
 ParOldGen       total 68608K, used 4835K [0x0000000080000000, 0x0000000084300000, 0x00000000d5580000)
  object space 68608K, 7% used [0x0000000080000000,0x00000000804b8c20,0x0000000084300000)
 Metaspace       used 20831K, committed 21504K, reserved 1114112K
  class space    used 2053K, committed 2368K, reserved 1048576K
}
Event: 11.657 GC heap before
{Heap before GC invocations=7 (full 1):
 PSYoungGen      total 29696K, used 4390K [0x00000000d5580000, 0x00000000d7780000, 0x0000000100000000)
  eden space 25088K, 0% used [0x00000000d5580000,0x00000000d5580000,0x00000000d6e00000)
  from space 4608K, 95% used [0x00000000d7300000,0x00000000d77499c0,0x00000000d7780000)
  to   space 4608K, 0% used [0x00000000d6e80000,0x00000000d6e80000,0x00000000d7300000)
 ParOldGen       total 68608K, used 4835K [0x0000000080000000, 0x0000000084300000, 0x00000000d5580000)
  object space 68608K, 7% used [0x0000000080000000,0x00000000804b8c20,0x0000000084300000)
 Metaspace       used 20831K, committed 21504K, reserved 1114112K
  class space    used 2053K, committed 2368K, reserved 1048576K
}
Event: 11.714 GC heap after
{Heap after GC invocations=7 (full 1):
 PSYoungGen      total 29696K, used 0K [0x00000000d5580000, 0x00000000d7780000, 0x0000000100000000)
  eden space 25088K, 0% used [0x00000000d5580000,0x00000000d5580000,0x00000000d6e00000)
  from space 4608K, 0% used [0x00000000d7300000,0x00000000d7300000,0x00000000d7780000)
  to   space 4608K, 0% used [0x00000000d6e80000,0x00000000d6e80000,0x00000000d7300000)
 ParOldGen       total 68608K, used 8728K [0x0000000080000000, 0x0000000084300000, 0x00000000d5580000)
  object space 68608K, 12% used [0x0000000080000000,0x0000000080886328,0x0000000084300000)
 Metaspace       used 20818K, committed 21504K, reserved 1114112K
  class space    used 2049K, committed 2368K, reserved 1048576K
}

Dll operation events (10 events):
Event: 0.033 Loaded shared library c:\Users\WIN10\.vscode\extensions\redhat.java-1.50.0-win32-x64\jre\21.0.9-win32-x86_64\bin\java.dll
Event: 0.450 Loaded shared library c:\Users\WIN10\.vscode\extensions\redhat.java-1.50.0-win32-x64\jre\21.0.9-win32-x86_64\bin\zip.dll
Event: 0.509 Loaded shared library C:\Users\WIN10\.vscode\extensions\redhat.java-1.50.0-win32-x64\jre\21.0.9-win32-x86_64\bin\instrument.dll
Event: 0.528 Loaded shared library C:\Users\WIN10\.vscode\extensions\redhat.java-1.50.0-win32-x64\jre\21.0.9-win32-x86_64\bin\net.dll
Event: 0.533 Loaded shared library C:\Users\WIN10\.vscode\extensions\redhat.java-1.50.0-win32-x64\jre\21.0.9-win32-x86_64\bin\nio.dll
Event: 0.541 Loaded shared library C:\Users\WIN10\.vscode\extensions\redhat.java-1.50.0-win32-x64\jre\21.0.9-win32-x86_64\bin\zip.dll
Event: 0.613 Loaded shared library C:\Users\WIN10\.vscode\extensions\redhat.java-1.50.0-win32-x64\jre\21.0.9-win32-x86_64\bin\jimage.dll
Event: 0.869 Loaded shared library c:\Users\WIN10\.vscode\extensions\redhat.java-1.50.0-win32-x64\jre\21.0.9-win32-x86_64\bin\verify.dll
Event: 5.227 Loaded shared library C:\Users\WIN10\AppData\Roaming\Code\User\globalStorage\redhat.java\1.50.0\config_ss_win\org.eclipse.equinox.launcher\org.eclipse.equinox.launcher.win32.win32.x86_64_1.2.1400.v20250801-0854\eclipse_11916.dll
Event: 8.663 Loaded shared library C:\Users\WIN10\AppData\Local\Temp\jna-82597595\jna2398467722250762832.dll

Deoptimization events (20 events):
Event: 11.413 Thread 0x000001e9846e9ee0 Uncommon trap: trap_request=0xffffff45 fr.pc=0x000001e9327ae384 relative=0x0000000000000164
Event: 11.413 Thread 0x000001e9846e9ee0 Uncommon trap: reason=unstable_if action=reinterpret pc=0x000001e9327ae384 method=org.lombokweb.asm.ByteVector.putByteArray([BII)Lorg/lombokweb/asm/ByteVector; @ 20 c2
Event: 11.413 Thread 0x000001e9846e9ee0 DEOPT PACKING pc=0x000001e9327ae384 sp=0x00000086a3ef29d0
Event: 11.413 Thread 0x000001e9846e9ee0 DEOPT UNPACKING pc=0x000001e932133aa2 sp=0x00000086a3ef29a0 mode 2
Event: 11.413 Thread 0x000001e9846e9ee0 Uncommon trap: trap_request=0xffffff45 fr.pc=0x000001e9327ad150 relative=0x0000000000000390
Event: 11.413 Thread 0x000001e9846e9ee0 Uncommon trap: reason=unstable_if action=reinterpret pc=0x000001e9327ad150 method=org.lombokweb.asm.Label.resolve([BLorg/lombokweb/asm/ByteVector;I)Z @ 81 c2
Event: 11.413 Thread 0x000001e9846e9ee0 DEOPT PACKING pc=0x000001e9327ad150 sp=0x00000086a3ef2a60
Event: 11.413 Thread 0x000001e9846e9ee0 DEOPT UNPACKING pc=0x000001e932133aa2 sp=0x00000086a3ef2968 mode 2
Event: 11.927 Thread 0x000001e9846e9ee0 Uncommon trap: trap_request=0xffffffcc fr.pc=0x000001e932791aa4 relative=0x0000000000000364
Event: 11.927 Thread 0x000001e9846e9ee0 Uncommon trap: reason=intrinsic_or_type_checked_inlining action=make_not_entrant pc=0x000001e932791aa4 method=java.util.Arrays.copyOf([Ljava/lang/Object;ILjava/lang/Class;)[Ljava/lang/Object; @ 35 c2
Event: 11.927 Thread 0x000001e9846e9ee0 DEOPT PACKING pc=0x000001e932791aa4 sp=0x00000086a3ef95b0
Event: 11.927 Thread 0x000001e9846e9ee0 DEOPT UNPACKING pc=0x000001e932133aa2 sp=0x00000086a3ef9540 mode 2
Event: 12.154 Thread 0x000001e9846e9ee0 DEOPT PACKING pc=0x000001e92ac6e139 sp=0x00000086a3ef4b60
Event: 12.154 Thread 0x000001e9846e9ee0 DEOPT UNPACKING pc=0x000001e932134242 sp=0x00000086a3ef4060 mode 0
Event: 12.334 Thread 0x000001e9846e9ee0 DEOPT PACKING pc=0x000001e92b059a26 sp=0x00000086a3ef8040
Event: 12.334 Thread 0x000001e9846e9ee0 DEOPT UNPACKING pc=0x000001e932134242 sp=0x00000086a3ef7538 mode 0
Event: 12.337 Thread 0x000001e9846e9ee0 DEOPT PACKING pc=0x000001e92b059a26 sp=0x00000086a3ef8040
Event: 12.337 Thread 0x000001e9846e9ee0 DEOPT UNPACKING pc=0x000001e932134242 sp=0x00000086a3ef7538 mode 0
Event: 12.339 Thread 0x000001e9846e9ee0 DEOPT PACKING pc=0x000001e92b059a26 sp=0x00000086a3ef8040
Event: 12.339 Thread 0x000001e9846e9ee0 DEOPT UNPACKING pc=0x000001e932134242 sp=0x00000086a3ef7538 mode 0

Classes loaded (20 events):
Event: 9.722 Loading class java/io/StringReader
Event: 9.722 Loading class java/io/StringReader done
Event: 9.729 Loading class java/net/SocketTimeoutException
Event: 9.729 Loading class java/io/InterruptedIOException
Event: 9.730 Loading class java/io/InterruptedIOException done
Event: 9.730 Loading class java/net/SocketTimeoutException done
Event: 9.730 Loading class java/net/SocketException
Event: 9.730 Loading class java/net/SocketException done
Event: 9.730 Loading class java/net/UnknownHostException
Event: 9.730 Loading class java/net/UnknownHostException done
Event: 9.730 Loading class java/net/ProtocolException
Event: 9.730 Loading class java/net/ProtocolException done
Event: 9.791 Loading class java/lang/ThreadLocal$SuppliedThreadLocal
Event: 9.791 Loading class java/lang/ThreadLocal$SuppliedThreadLocal done
Event: 9.824 Loading class java/io/FileWriter
Event: 9.825 Loading class java/io/FileWriter done
Event: 10.664 Loading class java/lang/NegativeArraySizeException
Event: 10.664 Loading class java/lang/NegativeArraySizeException done
Event: 12.003 Loading class org/w3c/dom/DOMException
Event: 12.003 Loading class org/w3c/dom/DOMException done

Classes unloaded (7 events):
Event: 11.668 Thread 0x000001e927a518e0 Unloading class 0x000001e94018cc00 'java/lang/invoke/LambdaForm$MH+0x000001e94018cc00'
Event: 11.668 Thread 0x000001e927a518e0 Unloading class 0x000001e94018c800 'java/lang/invoke/LambdaForm$MH+0x000001e94018c800'
Event: 11.668 Thread 0x000001e927a518e0 Unloading class 0x000001e94018c400 'java/lang/invoke/LambdaForm$MH+0x000001e94018c400'
Event: 11.668 Thread 0x000001e927a518e0 Unloading class 0x000001e94018c000 'java/lang/invoke/LambdaForm$MH+0x000001e94018c000'
Event: 11.668 Thread 0x000001e927a518e0 Unloading class 0x000001e94018bc00 'java/lang/invoke/LambdaForm$BMH+0x000001e94018bc00'
Event: 11.668 Thread 0x000001e927a518e0 Unloading class 0x000001e94018b800 'java/lang/invoke/LambdaForm$DMH+0x000001e94018b800'
Event: 11.668 Thread 0x000001e927a518e0 Unloading class 0x000001e94018a400 'java/lang/invoke/LambdaForm$DMH+0x000001e94018a400'

Classes redefined (0 events):
No events

Internal exceptions (20 events):
Event: 8.744 Thread 0x000001e9846e9ee0 Exception <a 'java/lang/NoSuchMethodError'{0x00000000d62e4398}: 'void java.lang.invoke.DelegatingMethodHandle$Holder.reinvoke_L(java.lang.Object, java.lang.Object, int)'> (0x00000000d62e4398) 
thrown [s\src\hotspot\share\interpreter\linkResolver.cpp, line 773]
Event: 8.745 Thread 0x000001e9846e9ee0 Exception <a 'java/lang/NoSuchMethodError'{0x00000000d62eb080}: 'int java.lang.invoke.Invokers$Holder.invokeExact_MT(java.lang.Object, java.lang.Object, java.lang.Object)'> (0x00000000d62eb080) 
thrown [s\src\hotspot\share\interpreter\linkResolver.cpp, line 773]
Event: 8.797 Thread 0x000001e9846e9ee0 Exception <a 'java/lang/NoSuchMethodError'{0x00000000d63feaf0}: 'void java.lang.invoke.Invokers$Holder.invokeExact_MT(java.lang.Object, java.lang.Object, int, java.lang.Object)'> (0x00000000d63feaf0) 
thrown [s\src\hotspot\share\interpreter\linkResolver.cpp, line 773]
Event: 8.838 Thread 0x000001e9846e9ee0 Exception <a 'java/lang/NoSuchMethodError'{0x00000000d64ebdc8}: 'java.lang.Object java.lang.invoke.DirectMethodHandle$Holder.invokeSpecial(java.lang.Object, java.lang.Object, java.lang.Object, long, java.lang.Object)'> (0x00000000d64ebdc8) 
thrown [s\src\hotspot\share\interpreter\linkResolver.cpp, line 773]
Event: 8.839 Thread 0x000001e9846e9ee0 Exception <a 'java/lang/NoSuchMethodError'{0x00000000d64f3610}: 'java.lang.Object java.lang.invoke.DirectMethodHandle$Holder.newInvokeSpecial(java.lang.Object, java.lang.Object, java.lang.Object, long)'> (0x00000000d64f3610) 
thrown [s\src\hotspot\share\interpreter\linkResolver.cpp, line 773]
Event: 8.839 Thread 0x000001e9846e9ee0 Exception <a 'java/lang/NoSuchMethodError'{0x00000000d64f79c0}: 'java.lang.Object java.lang.invoke.DirectMethodHandle$Holder.invokeSpecial(java.lang.Object, java.lang.Object, java.lang.Object, java.lang.Object, long)'> (0x00000000d64f79c0) 
thrown [s\src\hotspot\share\interpreter\linkResolver.cpp, line 773]
Event: 8.840 Thread 0x000001e9846e9ee0 Exception <a 'java/lang/NoSuchMethodError'{0x00000000d64fb5e0}: 'java.lang.Object java.lang.invoke.Invokers$Holder.linkToTargetMethod(java.lang.Object, java.lang.Object, long, java.lang.Object)'> (0x00000000d64fb5e0) 
thrown [s\src\hotspot\share\interpreter\linkResolver.cpp, line 773]
Event: 8.855 Thread 0x000001e9846e9ee0 Exception <a 'java/lang/NoSuchMethodError'{0x00000000d6553990}: 'int java.lang.invoke.DirectMethodHandle$Holder.invokeStaticInit(java.lang.Object, java.lang.Object, java.lang.Object)'> (0x00000000d6553990) 
thrown [s\src\hotspot\share\interpreter\linkResolver.cpp, line 773]
Event: 8.873 Thread 0x000001e9846e9ee0 Exception <a 'java/lang/IncompatibleClassChangeError'{0x00000000d65f7db0}: Found class java.lang.Object, but interface was expected> (0x00000000d65f7db0) 
thrown [s\src\hotspot\share\interpreter\linkResolver.cpp, line 840]
Event: 8.887 Thread 0x000001e9846e9ee0 Exception <a 'java/lang/NoSuchMethodError'{0x00000000d660e248}: 'java.lang.Object java.lang.invoke.DirectMethodHandle$Holder.invokeSpecial(java.lang.Object, java.lang.Object, java.lang.Object, int, java.lang.Object, java.lang.Object)'> (0x00000000d660e248) 
thrown [s\src\hotspot\share\interpreter\linkResolver.cpp, line 773]
Event: 8.888 Thread 0x000001e9846e9ee0 Exception <a 'java/lang/NoSuchMethodError'{0x00000000d6615d20}: 'java.lang.Object java.lang.invoke.DirectMethodHandle$Holder.newInvokeSpecial(java.lang.Object, java.lang.Object, java.lang.Object, int, java.lang.Object)'> (0x00000000d6615d20) 
thrown [s\src\hotspot\share\interpreter\linkResolver.cpp, line 773]
Event: 8.888 Thread 0x000001e9846e9ee0 Exception <a 'java/lang/NoSuchMethodError'{0x00000000d6619ca0}: 'java.lang.Object java.lang.invoke.DirectMethodHandle$Holder.invokeSpecial(java.lang.Object, java.lang.Object, java.lang.Object, java.lang.Object, int, java.lang.Object)'> (0x00000000d6619ca0) 
thrown [s\src\hotspot\share\interpreter\linkResolver.cpp, line 773]
Event: 8.888 Thread 0x000001e9846e9ee0 Exception <a 'java/lang/NoSuchMethodError'{0x00000000d661d7e0}: 'java.lang.Object java.lang.invoke.Invokers$Holder.linkToTargetMethod(java.lang.Object, java.lang.Object, int, java.lang.Object, java.lang.Object)'> (0x00000000d661d7e0) 
thrown [s\src\hotspot\share\interpreter\linkResolver.cpp, line 773]
Event: 8.889 Thread 0x000001e984f6c780 Exception <a 'java/lang/NoSuchMethodError'{0x00000000d6557fa8}: 'java.lang.Object java.lang.invoke.DirectMethodHandle$Holder.invokeSpecial(java.lang.Object, java.lang.Object, int, java.lang.Object, java.lang.Object)'> (0x00000000d6557fa8) 
thrown [s\src\hotspot\share\interpreter\linkResolver.cpp, line 773]
Event: 8.891 Thread 0x000001e984f6c780 Exception <a 'java/lang/NoSuchMethodError'{0x00000000d655ece0}: 'java.lang.Object java.lang.invoke.DirectMethodHandle$Holder.newInvokeSpecial(java.lang.Object, java.lang.Object, int, java.lang.Object)'> (0x00000000d655ece0) 
thrown [s\src\hotspot\share\interpreter\linkResolver.cpp, line 773]
Event: 8.892 Thread 0x000001e984f6c780 Exception <a 'java/lang/NoSuchMethodError'{0x00000000d65625c0}: 'java.lang.Object java.lang.invoke.DirectMethodHandle$Holder.invokeSpecial(java.lang.Object, java.lang.Object, java.lang.Object, int, java.lang.Object)'> (0x00000000d65625c0) 
thrown [s\src\hotspot\share\interpreter\linkResolver.cpp, line 773]
Event: 8.923 Thread 0x000001e9846e9ee0 Exception <a 'java/lang/NoSuchMethodError'{0x00000000d673bda0}: 'void java.lang.invoke.DirectMethodHandle$Holder.invokeSpecial(java.lang.Object, java.lang.Object, java.lang.Object, java.lang.Object, java.lang.Object)'> (0x00000000d673bda0) 
thrown [s\src\hotspot\share\interpreter\linkResolver.cpp, line 773]
Event: 9.626 Thread 0x000001e9846e9ee0 Exception <a 'java/lang/NoSuchMethodError'{0x00000000d694cdb8}: 'double java.lang.invoke.DirectMethodHandle$Holder.invokeStatic(java.lang.Object, java.lang.Object)'> (0x00000000d694cdb8) 
thrown [s\src\hotspot\share\interpreter\linkResolver.cpp, line 773]
Event: 9.627 Thread 0x000001e9846e9ee0 Exception <a 'java/lang/NoSuchMethodError'{0x00000000d6950478}: 'double java.lang.invoke.DirectMethodHandle$Holder.invokeStaticInit(java.lang.Object, java.lang.Object)'> (0x00000000d6950478) 
thrown [s\src\hotspot\share\interpreter\linkResolver.cpp, line 773]
Event: 11.413 Thread 0x000001e9846e9ee0 Implicit null exception at 0x000001e9327ae275 to 0x000001e9327ae368

ZGC Phase Switch (0 events):
No events

VM Operations (20 events):
Event: 7.805 Executing VM operation: HandshakeAllThreads (Deoptimize)
Event: 7.805 Executing VM operation: HandshakeAllThreads (Deoptimize) done
Event: 7.814 Executing VM operation: HandshakeAllThreads (Deoptimize)
Event: 7.814 Executing VM operation: HandshakeAllThreads (Deoptimize) done
Event: 7.850 Executing VM operation: HandshakeAllThreads (Deoptimize)
Event: 7.850 Executing VM operation: HandshakeAllThreads (Deoptimize) done
Event: 8.685 Executing VM operation: HandshakeAllThreads (Deoptimize)
Event: 8.685 Executing VM operation: HandshakeAllThreads (Deoptimize) done
Event: 8.685 Executing VM operation: Cleanup
Event: 8.685 Executing VM operation: Cleanup done
Event: 9.686 Executing VM operation: Cleanup
Event: 9.687 Executing VM operation: Cleanup done
Event: 9.834 Executing VM operation: ParallelGCFailedAllocation (Allocation Failure)
Event: 9.841 Executing VM operation: ParallelGCFailedAllocation (Allocation Failure) done
Event: 11.508 Executing VM operation: ParallelGCFailedAllocation (Allocation Failure)
Event: 11.520 Executing VM operation: ParallelGCFailedAllocation (Allocation Failure) done
Event: 11.648 Executing VM operation: CollectForMetadataAllocation (Metadata GC Threshold)
Event: 11.714 Executing VM operation: CollectForMetadataAllocation (Metadata GC Threshold) done
Event: 12.726 Executing VM operation: Cleanup
Event: 12.726 Executing VM operation: Cleanup done

Memory protections (0 events):
No events

Nmethod flushes (0 events):
No events

Events (20 events):
Event: 1.215 Thread 0x000001e9279a8b40 Thread added: 0x000001e9842c6360
Event: 1.225 Thread 0x000001e92791e770 Thread added: 0x000001e984386e70
Event: 2.619 Thread 0x000001e984386e70 Thread exited: 0x000001e984386e70
Event: 3.883 Thread 0x000001e92791e770 Thread added: 0x000001e984b73750
Event: 4.422 Thread 0x000001e9279a8b40 Thread added: 0x000001e984aafa50
Event: 4.931 Thread 0x000001e9279a8b40 Thread added: 0x000001e9846e95b0
Event: 4.940 Thread 0x000001e9279a8b40 Thread added: 0x000001e9846e9ee0
Event: 5.229 Thread 0x000001e984b73750 Thread exited: 0x000001e984b73750
Event: 5.674 Thread 0x000001e9846e9ee0 Thread added: 0x000001e984a311e0
Event: 6.206 Thread 0x000001e92791e770 Thread added: 0x000001e984a46810
Event: 6.390 Thread 0x000001e984a46810 Thread exited: 0x000001e984a46810
Event: 7.071 Thread 0x000001e9846e9ee0 Thread added: 0x000001e98402c9b0
Event: 7.866 Thread 0x000001e92791e770 Thread added: 0x000001e98466e1e0
Event: 8.029 Thread 0x000001e98466e1e0 Thread exited: 0x000001e98466e1e0
Event: 8.772 Thread 0x000001e9846e9ee0 Thread added: 0x000001e984f8e2a0
Event: 8.845 Thread 0x000001e9846e9ee0 Thread added: 0x000001e984f6c780
Event: 8.891 Thread 0x000001e9846e9ee0 Thread added: 0x000001e984f8a320
Event: 9.698 Thread 0x000001e92791e770 Thread added: 0x000001e9851f2f80
Event: 10.268 Thread 0x000001e9851f2f80 Thread exited: 0x000001e9851f2f80
Event: 12.088 Thread 0x000001e92791e770 Thread added: 0x000001e9854ab360


Dynamic libraries:
0x00007ff7f35d0000 - 0x00007ff7f35de000 	c:\Users\WIN10\.vscode\extensions\redhat.java-1.50.0-win32-x64\jre\21.0.9-win32-x86_64\bin\java.exe
0x00007ffcc16a0000 - 0x00007ffcc1908000 	C:\WINDOWS\SYSTEM32\ntdll.dll
0x00007ffcbf760000 - 0x00007ffcbf829000 	C:\WINDOWS\System32\KERNEL32.DLL
0x00007ffcbeb80000 - 0x00007ffcbef78000 	C:\WINDOWS\System32\KERNELBASE.dll
0x00007ffcbf2f0000 - 0x00007ffcbf43b000 	C:\WINDOWS\System32\ucrtbase.dll
0x00007ffcb8cf0000 - 0x00007ffcb8d08000 	c:\Users\WIN10\.vscode\extensions\redhat.java-1.50.0-win32-x64\jre\21.0.9-win32-x86_64\bin\jli.dll
0x00007ffcbffa0000 - 0x00007ffcc0167000 	C:\WINDOWS\System32\USER32.dll
0x00007ffcbe8b0000 - 0x00007ffcbe8d7000 	C:\WINDOWS\System32\win32u.dll
0x00007ffcc0800000 - 0x00007ffcc082b000 	C:\WINDOWS\System32\GDI32.dll
0x00007ffcbea50000 - 0x00007ffcbeb7c000 	C:\WINDOWS\System32\gdi32full.dll
0x00007ffcbef80000 - 0x00007ffcbf023000 	C:\WINDOWS\System32\msvcp_win.dll
0x00007ffcaf9a0000 - 0x00007ffcaf9be000 	c:\Users\WIN10\.vscode\extensions\redhat.java-1.50.0-win32-x64\jre\21.0.9-win32-x86_64\bin\VCRUNTIME140.dll
0x00007ffca70c0000 - 0x00007ffca7354000 	C:\WINDOWS\WinSxS\amd64_microsoft.windows.common-controls_6595b64144ccf1df_6.0.26100.7019_none_3e06ffa0e335b8a8\COMCTL32.dll
0x00007ffcc1410000 - 0x00007ffcc14b9000 	C:\WINDOWS\System32\msvcrt.dll
0x00007ffcc1620000 - 0x00007ffcc1651000 	C:\WINDOWS\System32\IMM32.DLL
0x00007ffcb8e90000 - 0x00007ffcb8e9c000 	c:\Users\WIN10\.vscode\extensions\redhat.java-1.50.0-win32-x64\jre\21.0.9-win32-x86_64\bin\vcruntime140_1.dll
0x00007ffc849c0000 - 0x00007ffc84a4d000 	c:\Users\WIN10\.vscode\extensions\redhat.java-1.50.0-win32-x64\jre\21.0.9-win32-x86_64\bin\msvcp140.dll
0x00007ffc3aec0000 - 0x00007ffc3bc60000 	c:\Users\WIN10\.vscode\extensions\redhat.java-1.50.0-win32-x64\jre\21.0.9-win32-x86_64\bin\server\jvm.dll
0x00007ffcbf440000 - 0x00007ffcbf4f4000 	C:\WINDOWS\System32\ADVAPI32.dll
0x00007ffcc14f0000 - 0x00007ffcc1596000 	C:\WINDOWS\System32\sechost.dll
0x00007ffcc0500000 - 0x00007ffcc0618000 	C:\WINDOWS\System32\RPCRT4.dll
0x00007ffcc0c50000 - 0x00007ffcc0cc4000 	C:\WINDOWS\System32\WS2_32.dll
0x00007ffcbe670000 - 0x00007ffcbe6ce000 	C:\WINDOWS\SYSTEM32\POWRPROF.dll
0x00007ffcb63a0000 - 0x00007ffcb63d5000 	C:\WINDOWS\SYSTEM32\WINMM.dll
0x00007ffcb10b0000 - 0x00007ffcb10bb000 	C:\WINDOWS\SYSTEM32\VERSION.dll
0x00007ffcbe650000 - 0x00007ffcbe664000 	C:\WINDOWS\SYSTEM32\UMPDC.dll
0x00007ffcbd580000 - 0x00007ffcbd59b000 	C:\WINDOWS\SYSTEM32\kernel.appcore.dll
0x00007ffcb18d0000 - 0x00007ffcb18da000 	c:\Users\WIN10\.vscode\extensions\redhat.java-1.50.0-win32-x64\jre\21.0.9-win32-x86_64\bin\jimage.dll
0x00007ffcbc0c0000 - 0x00007ffcbc302000 	C:\WINDOWS\SYSTEM32\DBGHELP.DLL
0x00007ffcc0830000 - 0x00007ffcc0bbb000 	C:\WINDOWS\System32\combase.dll
0x00007ffcc0cd0000 - 0x00007ffcc0da7000 	C:\WINDOWS\System32\OLEAUT32.dll
0x00007ffca3f50000 - 0x00007ffca3f8c000 	C:\WINDOWS\SYSTEM32\dbgcore.DLL
0x00007ffcbf240000 - 0x00007ffcbf2e5000 	C:\WINDOWS\System32\bcryptPrimitives.dll
0x00007ffcaf9f0000 - 0x00007ffcaf9ff000 	c:\Users\WIN10\.vscode\extensions\redhat.java-1.50.0-win32-x64\jre\21.0.9-win32-x86_64\bin\instrument.dll
0x00007ffca61a0000 - 0x00007ffca61c0000 	c:\Users\WIN10\.vscode\extensions\redhat.java-1.50.0-win32-x64\jre\21.0.9-win32-x86_64\bin\java.dll
0x00007ffcbf830000 - 0x00007ffcbff7f000 	C:\WINDOWS\System32\SHELL32.dll
0x00007ffcbe8e0000 - 0x00007ffcbea4b000 	C:\WINDOWS\System32\wintypes.dll
0x00007ffcbc3f0000 - 0x00007ffcbcc4d000 	C:\WINDOWS\SYSTEM32\windows.storage.dll
0x00007ffcc0230000 - 0x00007ffcc0322000 	C:\WINDOWS\System32\SHCORE.dll
0x00007ffcbf6f0000 - 0x00007ffcbf757000 	C:\WINDOWS\System32\shlwapi.dll
0x00007ffcbe710000 - 0x00007ffcbe739000 	C:\WINDOWS\SYSTEM32\profapi.dll
0x00007ffca6180000 - 0x00007ffca6198000 	c:\Users\WIN10\.vscode\extensions\redhat.java-1.50.0-win32-x64\jre\21.0.9-win32-x86_64\bin\zip.dll
0x00007ffcaf990000 - 0x00007ffcaf9a0000 	C:\Users\WIN10\.vscode\extensions\redhat.java-1.50.0-win32-x64\jre\21.0.9-win32-x86_64\bin\net.dll
0x00007ffcb0c90000 - 0x00007ffcb0db8000 	C:\WINDOWS\SYSTEM32\WINHTTP.dll
0x00007ffcbdb20000 - 0x00007ffcbdb8b000 	C:\WINDOWS\system32\mswsock.dll
0x00007ffca6160000 - 0x00007ffca6176000 	C:\Users\WIN10\.vscode\extensions\redhat.java-1.50.0-win32-x64\jre\21.0.9-win32-x86_64\bin\nio.dll
0x00007ffcaf920000 - 0x00007ffcaf930000 	c:\Users\WIN10\.vscode\extensions\redhat.java-1.50.0-win32-x64\jre\21.0.9-win32-x86_64\bin\verify.dll
0x00007ffc8ad30000 - 0x00007ffc8ad74000 	C:\Users\WIN10\AppData\Roaming\Code\User\globalStorage\redhat.java\1.50.0\config_ss_win\org.eclipse.equinox.launcher\org.eclipse.equinox.launcher.win32.win32.x86_64_1.2.1400.v20250801-0854\eclipse_11916.dll
0x00007ffcbf550000 - 0x00007ffcbf6e7000 	C:\WINDOWS\System32\ole32.dll
0x00007ffcbdde0000 - 0x00007ffcbddfb000 	C:\WINDOWS\SYSTEM32\CRYPTSP.dll
0x00007ffcbd4e0000 - 0x00007ffcbd51a000 	C:\WINDOWS\system32\rsaenh.dll
0x00007ffcbdbd0000 - 0x00007ffcbdbfb000 	C:\WINDOWS\SYSTEM32\USERENV.dll
0x00007ffcbe6e0000 - 0x00007ffcbe70a000 	C:\WINDOWS\SYSTEM32\bcrypt.dll
0x00007ffcbde00000 - 0x00007ffcbde0c000 	C:\WINDOWS\SYSTEM32\CRYPTBASE.dll
0x00007ffcbcf60000 - 0x00007ffcbcf94000 	C:\WINDOWS\SYSTEM32\IPHLPAPI.DLL
0x00007ffcc1350000 - 0x00007ffcc135a000 	C:\WINDOWS\System32\NSI.dll
0x00007ffc885b0000 - 0x00007ffc885f9000 	C:\Users\WIN10\AppData\Local\Temp\jna-82597595\jna2398467722250762832.dll
0x00007ffcbff90000 - 0x00007ffcbff98000 	C:\WINDOWS\System32\PSAPI.DLL

JVMTI agents:
c:\Users\WIN10\.vscode\extensions\redhat.java-1.50.0-win32-x64\lombok\lombok-1.18.39-4050.jar path:c:\Users\WIN10\.vscode\extensions\redhat.java-1.50.0-win32-x64\jre\21.0.9-win32-x86_64\bin\instrument.dll, loaded, initialized, instrumentlib options:none

dbghelp: loaded successfully - version: 4.0.5 - missing functions: none
symbol engine: initialized successfully - sym options: 0x614 - pdb path: .;c:\Users\WIN10\.vscode\extensions\redhat.java-1.50.0-win32-x64\jre\21.0.9-win32-x86_64\bin;C:\WINDOWS\SYSTEM32;C:\WINDOWS\WinSxS\amd64_microsoft.windows.common-controls_6595b64144ccf1df_6.0.26100.7019_none_3e06ffa0e335b8a8;c:\Users\WIN10\.vscode\extensions\redhat.java-1.50.0-win32-x64\jre\21.0.9-win32-x86_64\bin\server;C:\Users\WIN10\AppData\Roaming\Code\User\globalStorage\redhat.java\1.50.0\config_ss_win\org.eclipse.equinox.launcher\org.eclipse.equinox.launcher.win32.win32.x86_64_1.2.1400.v20250801-0854;C:\Users\WIN10\AppData\Local\Temp\jna-82597595

VM Arguments:
jvm_args: --add-modules=ALL-SYSTEM --add-opens=java.base/java.util=ALL-UNNAMED --add-opens=java.base/java.lang=ALL-UNNAMED --add-opens=java.base/sun.nio.fs=ALL-UNNAMED -Declipse.application=org.eclipse.jdt.ls.core.id1 -Dosgi.bundles.defaultStartLevel=4 -Declipse.product=org.eclipse.jdt.ls.core.product -Djava.import.generatesMetadataFilesAtProjectRoot=false -DDetectVMInstallationsJob.disabled=true -Dfile.encoding=utf8 -XX:+UseParallelGC -XX:GCTimeRatio=4 -XX:AdaptiveSizePolicyWeight=90 -Dsun.zip.disableMemoryMapping=true -Xmx2G -Xms100m -Xlog:disable -javaagent:c:\Users\WIN10\.vscode\extensions\redhat.java-1.50.0-win32-x64\lombok\lombok-1.18.39-4050.jar 
java_command: c:\Users\WIN10\.vscode\extensions\redhat.java-1.50.0-win32-x64\server\plugins\org.eclipse.equinox.launcher_1.7.100.v20251111-0406.jar -configuration c:\Users\WIN10\AppData\Roaming\Code\User\globalStorage\redhat.java\1.50.0\config_ss_win -data c:\Users\WIN10\AppData\Roaming\Code\User\workspaceStorage\6a950bca2ea11206fe54079ace0dc19c\redhat.java\ss_ws --pipe=\\.\pipe\lsp-0c84e73a38d2376e2dec24d0a305d4d8-sock
java_class_path (initial): c:\Users\WIN10\.vscode\extensions\redhat.java-1.50.0-win32-x64\server\plugins\org.eclipse.equinox.launcher_1.7.100.v20251111-0406.jar
Launcher Type: SUN_STANDARD

[Global flags]
    uintx AdaptiveSizePolicyWeight                 = 90                                        {product} {command line}
     intx CICompilerCount                          = 3                                         {product} {ergonomic}
    uintx GCTimeRatio                              = 4                                         {product} {command line}
   size_t InitialHeapSize                          = 104857600                                 {product} {command line}
   size_t MaxHeapSize                              = 2147483648                                {product} {command line}
   size_t MaxNewSize                               = 715653120                                 {product} {ergonomic}
   size_t MinHeapDeltaBytes                        = 524288                                    {product} {ergonomic}
   size_t MinHeapSize                              = 104857600                                 {product} {command line}
   size_t NewSize                                  = 34603008                                  {product} {ergonomic}
    uintx NonNMethodCodeHeapSize                   = 5832780                                {pd product} {ergonomic}
    uintx NonProfiledCodeHeapSize                  = 122912730                              {pd product} {ergonomic}
   size_t OldSize                                  = 70254592                                  {product} {ergonomic}
    uintx ProfiledCodeHeapSize                     = 122912730                              {pd product} {ergonomic}
    uintx ReservedCodeCacheSize                    = 251658240                              {pd product} {ergonomic}
     bool SegmentedCodeCache                       = true                                      {product} {ergonomic}
   size_t SoftMaxHeapSize                          = 2147483648                             {manageable} {ergonomic}
     bool UseCompressedOops                        = true                           {product lp64_product} {ergonomic}
     bool UseLargePagesIndividualAllocation        = false                                  {pd product} {ergonomic}
     bool UseParallelGC                            = true                                      {product} {command line}

Logging:
Log output configuration:
 #0: stdout all=off uptime,level,tags foldmultilines=false
 #1: stderr all=off uptime,level,tags foldmultilines=false

Release file:
JAVA_VERSION="21.0.9" 
MODULES="java.base java.compiler java.datatransfer java.xml java.prefs java.desktop java.instrument java.logging java.management java.security.sasl java.naming java.rmi java.management.rmi java.net.http java.scripting java.security.jgss java.transaction.xa java.sql java.sql.rowset java.xml.crypto java.se java.smartcardio jdk.accessibility jdk.internal.jvmstat jdk.attach jdk.charsets jdk.internal.opt jdk.zipfs jdk.compiler jdk.crypto.ec jdk.crypto.cryptoki jdk.crypto.mscapi jdk.dynalink jdk.internal.ed jdk.editpad jdk.hotspot.agent jdk.httpserver jdk.internal.le jdk.internal.vm.ci jdk.internal.vm.compiler jdk.internal.vm.compiler.management jdk.jartool jdk.javadoc jdk.jcmd jdk.management jdk.management.agent jdk.jconsole jdk.jdeps jdk.jdwp.agent jdk.jdi jdk.jfr jdk.jshell jdk.jsobject jdk.jstatd jdk.localedata jdk.management.jfr jdk.naming.dns jdk.naming.rmi jdk.net jdk.nio.mapmode jdk.random jdk.sctp jdk.security.auth jdk.security.jgss jdk.unsupported jdk.unsupported.desktop jdk.xml.dom" 

Environment Variables:
PATH=C:\Python314\Scripts\;C:\Python314\;C:\Program Files (x86)\Intel\iCLS Client\;C:\Program Files\Intel\iCLS Client\;C:\WINDOWS\system32;C:\WINDOWS;C:\WINDOWS\System32\Wbem;C:\WINDOWS\System32\WindowsPowerShell\v1.0\;C:\WINDOWS\System32\OpenSSH\;C:\Program Files (x86)\Intel\Intel(R) Management Engine Components\DAL;C:\Program Files\Intel\Intel(R) Management Engine Components\DAL;C:\Program Files (x86)\Intel\Intel(R) Management Engine Components\IPT;C:\Program Files\Intel\Intel(R) Management Engine Components\IPT;C:\Program Files (x86)\Windows Kits\10\Windows Performance Toolkit\;C:\Program Files\Git\cmd;C:\Program Files\Java\jdk-24\bin;D:\Void\bin;C:\ProgramData\chocolatey\bin;C:\code stuff\nvm;C:\nvm4w\nodejs;C:\Program Files\nodejs\;C:\Program Files\MySQL\MySQL Shell 8.0\bin\;C:\Users\WIN10\AppData\Local\Microsoft\WindowsApps;C:\Users\WIN10\AppData\Local\GitHubDesktop\bin;C:\Users\WIN10\AppData\Local\Programs\cursor\resources\app\bin;D:\Microsoft VS Code\bin;C:\Users\WIN10\AppData\Roaming\npm;C:\code stuff\nvm;C:\nvm4w\nodejs
USERNAME=WIN10
OS=Windows_NT
PROCESSOR_IDENTIFIER=Intel64 Family 6 Model 142 Stepping 10, GenuineIntel
TMP=C:\Users\WIN10\AppData\Local\Temp
TEMP=C:\Users\WIN10\AppData\Local\Temp




Periodic native trim disabled

---------------  S Y S T E M  ---------------

OS:
 Windows 11 , 64 bit Build 26100 (10.0.26100.7019)
OS uptime: 14 days 6:29 hours
Hyper-V role detected

CPU: total 4 (initial active 4) (2 cores per cpu, 2 threads per core) family 6 model 142 stepping 10 microcode 0xe0, cx8, cmov, fxsr, ht, mmx, 3dnowpref, sse, sse2, sse3, ssse3, sse4.1, sse4.2, popcnt, lzcnt, tsc, tscinvbit, avx, avx2, aes, erms, clmul, bmi1, bmi2, adx, fma, vzeroupper, clflush, clflushopt, hv, rdtscp, f16c
Processor Information for the first 4 processors :
  Max Mhz: 2208, Current Mhz: 2208, Mhz Limit: 2208

Memory: 4k page, system-wide physical 8078M (414M free)
TotalPageFile size 22970M (AvailPageFile size 8M)
current process WorkingSet (physical memory assigned to process): 145M, peak: 147M
current process commit charge ("private bytes"): 268M, peak: 269M

vm_info: OpenJDK 64-Bit Server VM (21.0.9+10-LTS) for windows-amd64 JRE (21.0.9+10-LTS), built on 2025-10-21T00:00:00Z by "admin" with unknown MS VC++:1942

END.
